This file contains any messages produced by compilers while
running configure, to aid debugging if configure makes a mistake.

It was created by v4l2sync2 configure 1.0, which was
generated by GNU Autoconf 2.65.  Invocation command line was

  $ /home/oetelaar/workspace/v4l2sync2/configure 

## --------- ##
## Platform. ##
## --------- ##

hostname = oet-desktop
uname -m = x86_64
uname -r = 2.6.39.2-oet
uname -s = Linux
uname -v = #2 SMP PREEMPT Sat Jun 25 20:38:39 CEST 2011

/usr/bin/uname -p = unknown
/bin/uname -X     = unknown

/bin/arch              = unknown
/usr/bin/arch -k       = unknown
/usr/convex/getsysinfo = unknown
/usr/bin/hostinfo      = unknown
/bin/machine           = unknown
/usr/bin/oslevel       = unknown
/bin/universe          = unknown

PATH: /home/oetelaar/CodeSourcery/Sourcery_G++_Lite/bin
PATH: /usr/local/sbin
PATH: /usr/local/bin
PATH: /usr/sbin
PATH: /usr/bin
PATH: /sbin
PATH: /bin
PATH: /usr/games


## ----------- ##
## Core tests. ##
## ----------- ##

configure:1791: checking build system type
configure:1805: result: x86_64-unknown-linux-gnu
configure:1825: checking host system type
configure:1838: result: x86_64-unknown-linux-gnu
configure:1858: checking target system type
configure:1871: result: x86_64-unknown-linux-gnu
configure:1914: checking for a BSD-compatible install
configure:1982: result: /usr/bin/install -c
configure:1993: checking whether build environment is sane
configure:2043: result: yes
configure:2184: checking for a thread-safe mkdir -p
configure:2223: result: /bin/mkdir -p
configure:2236: checking for gawk
configure:2252: found /usr/bin/gawk
configure:2263: result: gawk
configure:2274: checking whether make sets $(MAKE)
configure:2296: result: yes
configure:2425: checking for gcc
configure:2441: found /usr/bin/gcc
configure:2452: result: gcc
configure:2681: checking for C compiler version
configure:2690: gcc --version >&5
gcc (Ubuntu 4.4.3-4ubuntu5.1) 4.4.3
Copyright (C) 2009 Free Software Foundation, Inc.
This is free software; see the source for copying conditions.  There is NO
warranty; not even for MERCHANTABILITY or FITNESS FOR A PARTICULAR PURPOSE.

configure:2701: $? = 0
configure:2690: gcc -v >&5
Using built-in specs.
Target: x86_64-linux-gnu
Configured with: ../src/configure -v --with-pkgversion='Ubuntu 4.4.3-4ubuntu5.1' --with-bugurl=file:///usr/share/doc/gcc-4.4/README.Bugs --enable-languages=c,c++,fortran,objc,obj-c++ --prefix=/usr --enable-shared --enable-multiarch --enable-linker-build-id --with-system-zlib --libexecdir=/usr/lib --without-included-gettext --enable-threads=posix --with-gxx-include-dir=/usr/include/c++/4.4 --program-suffix=-4.4 --enable-nls --enable-clocale=gnu --enable-libstdcxx-debug --enable-plugin --enable-objc-gc --disable-werror --with-arch-32=i486 --with-tune=generic --enable-checking=release --build=x86_64-linux-gnu --host=x86_64-linux-gnu --target=x86_64-linux-gnu
Thread model: posix
gcc version 4.4.3 (Ubuntu 4.4.3-4ubuntu5.1) 
configure:2701: $? = 0
configure:2690: gcc -V >&5
gcc: '-V' option must have argument
configure:2701: $? = 1
configure:2690: gcc -qversion >&5
gcc: unrecognized option '-qversion'
gcc: no input files
configure:2701: $? = 1
configure:2721: checking whether the C compiler works
configure:2743: gcc    conftest.c  >&5
configure:2747: $? = 0
configure:2796: result: yes
configure:2799: checking for C compiler default output file name
configure:2801: result: a.out
configure:2807: checking for suffix of executables
configure:2814: gcc -o conftest    conftest.c  >&5
configure:2818: $? = 0
configure:2840: result: 
configure:2862: checking whether we are cross compiling
configure:2870: gcc -o conftest    conftest.c  >&5
configure:2874: $? = 0
configure:2881: ./conftest
configure:2885: $? = 0
configure:2900: result: no
configure:2905: checking for suffix of object files
configure:2927: gcc -c   conftest.c >&5
configure:2931: $? = 0
configure:2952: result: o
configure:2956: checking whether we are using the GNU C compiler
configure:2975: gcc -c   conftest.c >&5
configure:2975: $? = 0
configure:2984: result: yes
configure:2993: checking whether gcc accepts -g
configure:3013: gcc -c -g  conftest.c >&5
configure:3013: $? = 0
configure:3054: result: yes
configure:3071: checking for gcc option to accept ISO C89
configure:3135: gcc  -c -g -O2  conftest.c >&5
configure:3135: $? = 0
configure:3148: result: none needed
configure:3179: checking for style of include used by make
configure:3207: result: GNU
configure:3232: checking dependency style of gcc
configure:3342: result: gcc3
configure:3514: creating ./config.status

## ---------------------- ##
## Running config.status. ##
## ---------------------- ##

This file was extended by v4l2sync2 config.status 1.0, which was
generated by GNU Autoconf 2.65.  Invocation command line was

  CONFIG_FILES    = 
  CONFIG_HEADERS  = 
  CONFIG_LINKS    = 
  CONFIG_COMMANDS = 
  $ ./config.status 

on oet-desktop

config.status:783: creating Makefile
config.status:783: creating src/Makefile
config.status:946: executing depfiles commands

## ---------------- ##
## Cache variables. ##
## ---------------- ##

ac_cv_build=x86_64-unknown-linux-gnu
ac_cv_c_compiler_gnu=yes
ac_cv_env_CC_set=
ac_cv_env_CC_value=
ac_cv_env_CFLAGS_set=
ac_cv_env_CFLAGS_value=
ac_cv_env_CPPFLAGS_set=
ac_cv_env_CPPFLAGS_value=
ac_cv_env_LDFLAGS_set=
ac_cv_env_LDFLAGS_value=
ac_cv_env_LIBS_set=
ac_cv_env_LIBS_value=
ac_cv_env_build_alias_set=
ac_cv_env_build_alias_value=
ac_cv_env_host_alias_set=
ac_cv_env_host_alias_value=
ac_cv_env_target_alias_set=
ac_cv_env_target_alias_value=
ac_cv_host=x86_64-unknown-linux-gnu
ac_cv_objext=o
ac_cv_path_install='/usr/bin/install -c'
ac_cv_path_mkdir=/bin/mkdir
ac_cv_prog_AWK=gawk
ac_cv_prog_ac_ct_CC=gcc
ac_cv_prog_cc_c89=
ac_cv_prog_cc_g=yes
ac_cv_prog_make_make_set=yes
ac_cv_target=x86_64-unknown-linux-gnu
am_cv_CC_dependencies_compiler_type=gcc3

## ----------------- ##
## Output variables. ##
## ----------------- ##

ACLOCAL='${SHELL} /home/oetelaar/workspace/v4l2sync2/missing --run aclocal-1.11'
AMDEPBACKSLASH='\'
AMDEP_FALSE='#'
AMDEP_TRUE=''
AMTAR='${SHELL} /home/oetelaar/workspace/v4l2sync2/missing --run tar'
AUTOCONF='${SHELL} /home/oetelaar/workspace/v4l2sync2/missing --run autoconf'
AUTOHEADER='${SHELL} /home/oetelaar/workspace/v4l2sync2/missing --run autoheader'
AUTOMAKE='${SHELL} /home/oetelaar/workspace/v4l2sync2/missing --run automake-1.11'
AWK='gawk'
CC='gcc'
CCDEPMODE='depmode=gcc3'
CFLAGS='-g -O2'
CPPFLAGS=''
CYGPATH_W='echo'
DEFS='-DPACKAGE_NAME=\"v4l2sync2\" -DPACKAGE_TARNAME=\"v4l2sync2\" -DPACKAGE_VERSION=\"1.0\" -DPACKAGE_STRING=\"v4l2sync2\ 1.0\" -DPACKAGE_BUGREPORT=\"\" -DPACKAGE_URL=\"\" -DPACKAGE=\"v4l2sync2\" -DVERSION=\"1.0\"'
DEPDIR='.deps'
ECHO_C=''
ECHO_N='-n'
ECHO_T=''
EXEEXT=''
INSTALL_DATA='${INSTALL} -m 644'
INSTALL_PROGRAM='${INSTALL}'
INSTALL_SCRIPT='${INSTALL}'
INSTALL_STRIP_PROGRAM='$(install_sh) -c -s'
LDFLAGS=''
LIBOBJS=''
LIBS=''
LTLIBOBJS=''
MAKEINFO='${SHELL} /home/oetelaar/workspace/v4l2sync2/missing --run makeinfo'
MKDIR_P='/bin/mkdir -p'
OBJEXT='o'
PACKAGE='v4l2sync2'
PACKAGE_BUGREPORT=''
PACKAGE_NAME='v4l2sync2'
PACKAGE_STRING='v4l2sync2 1.0'
PACKAGE_TARNAME='v4l2sync2'
PACKAGE_URL=''
PACKAGE_VERSION='1.0'
PATH_SEPARATOR=':'
SET_MAKE=''
SHELL='/bin/sh'
STRIP=''
VERSION='1.0'
ac_ct_CC='gcc'
am__EXEEXT_FALSE=''
am__EXEEXT_TRUE='#'
am__fastdepCC_FALSE='#'
am__fastdepCC_TRUE=''
am__include='include'
am__isrc=''
am__leading_dot='.'
am__quote=''
am__tar='${AMTAR} chof - "$$tardir"'
am__untar='${AMTAR} xf -'
bindir='${exec_prefix}/bin'
build='x86_64-unknown-linux-gnu'
build_alias=''
build_cpu='x86_64'
build_os='linux-gnu'
build_vendor='unknown'
datadir='${datarootdir}'
datarootdir='${prefix}/share'
docdir='${datarootdir}/doc/${PACKAGE_TARNAME}'
dvidir='${docdir}'
exec_prefix='${prefix}'
host='x86_64-unknown-linux-gnu'
host_alias=''
host_cpu='x86_64'
host_os='linux-gnu'
host_vendor='unknown'
htmldir='${docdir}'
includedir='${prefix}/include'
infodir='${datarootdir}/info'
install_sh='${SHELL} /home/oetelaar/workspace/v4l2sync2/install-sh'
libdir='${exec_prefix}/lib'
libexecdir='${exec_prefix}/libexec'
localedir='${datarootdir}/locale'
localstatedir='${prefix}/var'
mandir='${datarootdir}/man'
mkdir_p='/bin/mkdir -p'
oldincludedir='/usr/include'
pdfdir='${docdir}'
prefix='/usr/local'
program_transform_name='s,x,x,'
psdir='${docdir}'
sbindir='${exec_prefix}/sbin'
sharedstatedir='${prefix}/com'
sysconfdir='${prefix}/etc'
target='x86_64-unknown-linux-gnu'
target_alias=''
target_cpu='x86_64'
target_os='linux-gnu'
target_vendor='unknown'

## ----------- ##
## confdefs.h. ##
## ----------- ##

/* confdefs.h */
#define PACKAGE_NAME "v4l2sync2"
#define PACKAGE_TARNAME "v4l2sync2"
#define PACKAGE_VERSION "1.0"
#define PACKAGE_STRING "v4l2sync2 1.0"
#define PACKAGE_BUGREPORT ""
#define PACKAGE_URL ""
#define PACKAGE "v4l2sync2"
#define VERSION "1.0"

configure: exit 0
